<?xml version="1.0" encoding="UTF-8"?>
<!-- Generated by org.testng.reporters.JUnitReportReporter -->
<testsuite hostname="dev" name="com.kabaso.cput.tp.AppTest" tests="1" failures="0" timestamp="11 Feb 2014 07:23:28 GMT" time="0.001" errors="0">
  <testcase name="testApp" time="0.001" classname="com.kabaso.cput.tp.AppTest"/>
</testsuite> <!-- com.kabaso.cput.tp.AppTest -->
