<?xml version="1.0" encoding="UTF-8"?>
<!-- Generated by org.testng.reporters.JUnitReportReporter -->
<testsuite hostname="dev" name="com.kabaso.cput.tp.CalculatorTest" tests="1" failures="0" timestamp="11 Feb 2014 07:28:33 GMT" time="0.003" errors="0">
  <testcase name="add" time="0.003" classname="com.kabaso.cput.tp.CalculatorTest"/>
</testsuite> <!-- com.kabaso.cput.tp.CalculatorTest -->
